<?xml version="1.0" encoding="UTF-8"?>
<!-- Generated by org.testng.reporters.JUnitReportReporter -->
<testsuite skipped="0" hostname="c1macadmins-MBP.fios-router.home" name="applicating.AppTEST" tests="2" failures="0" timestamp="19 Jun 2019 00:52:27 GMT" time="4.680" errors="1">
  <testcase name="hello" time="4.672" classname="applicating.AppTEST"/>
  <testcase name="teardown" time="0.008" classname="applicating.AppTEST">
    <error type="java.lang.StackOverflowError">
      <![CDATA[java.lang.StackOverflowError
at applicating.AppTEST.teardown(AppTEST.java:34)
at applicating.AppTEST.teardown(AppTEST.java:34)
at applicating.AppTEST.teardown(AppTEST.java:34)
at applicating.AppTEST.teardown(AppTEST.java:34)
at applicating.AppTEST.teardown(AppTEST.java:34)
at applicating.AppTEST.teardown(AppTEST.java:34)
at applicating.AppTEST.teardown(AppTEST.java:34)
at applicating.AppTEST.teardown(AppTEST.java:34)
at applicating.AppTEST.teardown(AppTEST.java:34)
at applicating.AppTEST.teardown(AppTEST.java:34)
at applicating.AppTEST.teardown(AppTEST.java:34)
at applicating.AppTEST.teardown(AppTEST.java:34)
at applicating.AppTEST.teardown(AppTEST.java:34)
at applicating.AppTEST.teardown(AppTEST.java:34)
at applicating.AppTEST.teardown(AppTEST.java:34)
at applicating.AppTEST.teardown(AppTEST.java:34)
at applicating.AppTEST.teardown(AppTEST.java:34)
at applicating.AppTEST.teardown(AppTEST.java:34)
at applicating.AppTEST.teardown(AppTEST.java:34)
at applicating.AppTEST.teardown(AppTEST.java:34)
at applicating.AppTEST.teardown(AppTEST.java:34)
at applicating.AppTEST.teardown(AppTEST.java:34)
at applicating.AppTEST.teardown(AppTEST.java:34)
at applicating.AppTEST.teardown(AppTEST.java:34)
at applicating.AppTEST.teardown(AppTEST.java:34)
at applicating.AppTEST.teardown(AppTEST.java:34)
at applicating.AppTEST.teardown(AppTEST.java:34)
at applicating.AppTEST.teardown(AppTEST.java:34)
at applicating.AppTEST.teardown(AppTEST.java:34)
at applicating.AppTEST.teardown(AppTEST.java:34)
at applicating.AppTEST.teardown(AppTEST.java:34)
at applicating.AppTEST.teardown(AppTEST.java:34)
at applicating.AppTEST.teardown(AppTEST.java:34)
at applicating.AppTEST.teardown(AppTEST.java:34)
at applicating.AppTEST.teardown(AppTEST.java:34)
at applicating.AppTEST.teardown(AppTEST.java:34)
at applicating.AppTEST.teardown(AppTEST.java:34)
at applicating.AppTEST.teardown(AppTEST.java:34)
at applicating.AppTEST.teardown(AppTEST.java:34)
at applicating.AppTEST.teardown(AppTEST.java:34)
at applicating.AppTEST.teardown(AppTEST.java:34)
at applicating.AppTEST.teardown(AppTEST.java:34)
at applicating.AppTEST.teardown(AppTEST.java:34)
at applicating.AppTEST.teardown(AppTEST.java:34)
at applicating.AppTEST.teardown(AppTEST.java:34)
at applicating.AppTEST.teardown(AppTEST.java:34)
at applicating.AppTEST.teardown(AppTEST.java:34)
at applicating.AppTEST.teardown(AppTEST.java:34)
at applicating.AppTEST.teardown(AppTEST.java:34)
at applicating.AppTEST.teardown(AppTEST.java:34)
at applicating.AppTEST.teardown(AppTEST.java:34)
at applicating.AppTEST.teardown(AppTEST.java:34)
at applicating.AppTEST.teardown(AppTEST.java:34)
at applicating.AppTEST.teardown(AppTEST.java:34)
at applicating.AppTEST.teardown(AppTEST.java:34)
at applicating.AppTEST.teardown(AppTEST.java:34)
at applicating.AppTEST.teardown(AppTEST.java:34)
at applicating.AppTEST.teardown(AppTEST.java:34)
at applicating.AppTEST.teardown(AppTEST.java:34)
at applicating.AppTEST.teardown(AppTEST.java:34)
at applicating.AppTEST.teardown(AppTEST.java:34)
at applicating.AppTEST.teardown(AppTEST.java:34)
at applicating.AppTEST.teardown(AppTEST.java:34)
at applicating.AppTEST.teardown(AppTEST.java:34)
at applicating.AppTEST.teardown(AppTEST.java:34)
at applicating.AppTEST.teardown(AppTEST.java:34)
at applicating.AppTEST.teardown(AppTEST.java:34)
at applicating.AppTEST.teardown(AppTEST.java:34)
at applicating.AppTEST.teardown(AppTEST.java:34)
at applicating.AppTEST.teardown(AppTEST.java:34)
at applicating.AppTEST.teardown(AppTEST.java:34)
at applicating.AppTEST.teardown(AppTEST.java:34)
at applicating.AppTEST.teardown(AppTEST.java:34)
at applicating.AppTEST.teardown(AppTEST.java:34)
at applicating.AppTEST.teardown(AppTEST.java:34)
at applicating.AppTEST.teardown(AppTEST.java:34)
at applicating.AppTEST.teardown(AppTEST.java:34)
at applicating.AppTEST.teardown(AppTEST.java:34)
at applicating.AppTEST.teardown(AppTEST.java:34)
at applicating.AppTEST.teardown(AppTEST.java:34)
at applicating.AppTEST.teardown(AppTEST.java:34)
at applicating.AppTEST.teardown(AppTEST.java:34)
at applicating.AppTEST.teardown(AppTEST.java:34)
at applicating.AppTEST.teardown(AppTEST.java:34)
at applicating.AppTEST.teardown(AppTEST.java:34)
at applicating.AppTEST.teardown(AppTEST.java:34)
at applicating.AppTEST.teardown(AppTEST.java:34)
at applicating.AppTEST.teardown(AppTEST.java:34)
at applicating.AppTEST.teardown(AppTEST.java:34)
at applicating.AppTEST.teardown(AppTEST.java:34)
at applicating.AppTEST.teardown(AppTEST.java:34)
at applicating.AppTEST.teardown(AppTEST.java:34)
at applicating.AppTEST.teardown(AppTEST.java:34)
at applicating.AppTEST.teardown(AppTEST.java:34)
at applicating.AppTEST.teardown(AppTEST.java:34)
at applicating.AppTEST.teardown(AppTEST.java:34)
at applicating.AppTEST.teardown(AppTEST.java:34)
at applicating.AppTEST.teardown(AppTEST.java:34)
at applicating.AppTEST.teardown(AppTEST.java:34)
at applicating.AppTEST.teardown(AppTEST.java:34)
at applicating.AppTEST.teardown(AppTEST.java:34)
at applicating.AppTEST.teardown(AppTEST.java:34)
at applicating.AppTEST.teardown(AppTEST.java:34)
at applicating.AppTEST.teardown(AppTEST.java:34)
at applicating.AppTEST.teardown(AppTEST.java:34)
at applicating.AppTEST.teardown(AppTEST.java:34)
at applicating.AppTEST.teardown(AppTEST.java:34)
at applicating.AppTEST.teardown(AppTEST.java:34)
at applicating.AppTEST.teardown(AppTEST.java:34)
at applicating.AppTEST.teardown(AppTEST.java:34)
at applicating.AppTEST.teardown(AppTEST.java:34)
at applicating.AppTEST.teardown(AppTEST.java:34)
at applicating.AppTEST.teardown(AppTEST.java:34)
at applicating.AppTEST.teardown(AppTEST.java:34)
at applicating.AppTEST.teardown(AppTEST.java:34)
at applicating.AppTEST.teardown(AppTEST.java:34)
at applicating.AppTEST.teardown(AppTEST.java:34)
at applicating.AppTEST.teardown(AppTEST.java:34)
at applicating.AppTEST.teardown(AppTEST.java:34)
at applicating.AppTEST.teardown(AppTEST.java:34)
at applicating.AppTEST.teardown(AppTEST.java:34)
at applicating.AppTEST.teardown(AppTEST.java:34)
at applicating.AppTEST.teardown(AppTEST.java:34)
at applicating.AppTEST.teardown(AppTEST.java:34)
at applicating.AppTEST.teardown(AppTEST.java:34)
at applicating.AppTEST.teardown(AppTEST.java:34)
at applicating.AppTEST.teardown(AppTEST.java:34)
at applicating.AppTEST.teardown(AppTEST.java:34)
at applicating.AppTEST.teardown(AppTEST.java:34)
at applicating.AppTEST.teardown(AppTEST.java:34)
at applicating.AppTEST.teardown(AppTEST.java:34)
at applicating.AppTEST.teardown(AppTEST.java:34)
at applicating.AppTEST.teardown(AppTEST.java:34)
at applicating.AppTEST.teardown(AppTEST.java:34)
at applicating.AppTEST.teardown(AppTEST.java:34)
at applicating.AppTEST.teardown(AppTEST.java:34)
at applicating.AppTEST.teardown(AppTEST.java:34)
at applicating.AppTEST.teardown(AppTEST.java:34)
at applicating.AppTEST.teardown(AppTEST.java:34)
at applicating.AppTEST.teardown(AppTEST.java:34)
at applicating.AppTEST.teardown(AppTEST.java:34)
at applicating.AppTEST.teardown(AppTEST.java:34)
at applicating.AppTEST.teardown(AppTEST.java:34)
at applicating.AppTEST.teardown(AppTEST.java:34)
at applicating.AppTEST.teardown(AppTEST.java:34)
at applicating.AppTEST.teardown(AppTEST.java:34)
at applicating.AppTEST.teardown(AppTEST.java:34)
at applicating.AppTEST.teardown(AppTEST.java:34)
at applicating.AppTEST.teardown(AppTEST.java:34)
at applicating.AppTEST.teardown(AppTEST.java:34)
at applicating.AppTEST.teardown(AppTEST.java:34)
at applicating.AppTEST.teardown(AppTEST.java:34)
at applicating.AppTEST.teardown(AppTEST.java:34)
at applicating.AppTEST.teardown(AppTEST.java:34)
at applicating.AppTEST.teardown(AppTEST.java:34)
at applicating.AppTEST.teardown(AppTEST.java:34)
at applicating.AppTEST.teardown(AppTEST.java:34)
at applicating.AppTEST.teardown(AppTEST.java:34)
at applicating.AppTEST.teardown(AppTEST.java:34)
at applicating.AppTEST.teardown(AppTEST.java:34)
at applicating.AppTEST.teardown(AppTEST.java:34)
at applicating.AppTEST.teardown(AppTEST.java:34)
at applicating.AppTEST.teardown(AppTEST.java:34)
at applicating.AppTEST.teardown(AppTEST.java:34)
at applicating.AppTEST.teardown(AppTEST.java:34)
at applicating.AppTEST.teardown(AppTEST.java:34)
at applicating.AppTEST.teardown(AppTEST.java:34)
at applicating.AppTEST.teardown(AppTEST.java:34)
at applicating.AppTEST.teardown(AppTEST.java:34)
at applicating.AppTEST.teardown(AppTEST.java:34)
at applicating.AppTEST.teardown(AppTEST.java:34)
at applicating.AppTEST.teardown(AppTEST.java:34)
at applicating.AppTEST.teardown(AppTEST.java:34)
at applicating.AppTEST.teardown(AppTEST.java:34)
at applicating.AppTEST.teardown(AppTEST.java:34)
at applicating.AppTEST.teardown(AppTEST.java:34)
at applicating.AppTEST.teardown(AppTEST.java:34)
at applicating.AppTEST.teardown(AppTEST.java:34)
at applicating.AppTEST.teardown(AppTEST.java:34)
at applicating.AppTEST.teardown(AppTEST.java:34)
at applicating.AppTEST.teardown(AppTEST.java:34)
at applicating.AppTEST.teardown(AppTEST.java:34)
at applicating.AppTEST.teardown(AppTEST.java:34)
at applicating.AppTEST.teardown(AppTEST.java:34)
at applicating.AppTEST.teardown(AppTEST.java:34)
at applicating.AppTEST.teardown(AppTEST.java:34)
at applicating.AppTEST.teardown(AppTEST.java:34)
at applicating.AppTEST.teardown(AppTEST.java:34)
at applicating.AppTEST.teardown(AppTEST.java:34)
at applicating.AppTEST.teardown(AppTEST.java:34)
at applicating.AppTEST.teardown(AppTEST.java:34)
at applicating.AppTEST.teardown(AppTEST.java:34)
at applicating.AppTEST.teardown(AppTEST.java:34)
at applicating.AppTEST.teardown(AppTEST.java:34)
at applicating.AppTEST.teardown(AppTEST.java:34)
at applicating.AppTEST.teardown(AppTEST.java:34)
at applicating.AppTEST.teardown(AppTEST.java:34)
at applicating.AppTEST.teardown(AppTEST.java:34)
at applicating.AppTEST.teardown(AppTEST.java:34)
at applicating.AppTEST.teardown(AppTEST.java:34)
at applicating.AppTEST.teardown(AppTEST.java:34)
at applicating.AppTEST.teardown(AppTEST.java:34)
at applicating.AppTEST.teardown(AppTEST.java:34)
at applicating.AppTEST.teardown(AppTEST.java:34)
at applicating.AppTEST.teardown(AppTEST.java:34)
at applicating.AppTEST.teardown(AppTEST.java:34)
at applicating.AppTEST.teardown(AppTEST.java:34)
at applicating.AppTEST.teardown(AppTEST.java:34)
at applicating.AppTEST.teardown(AppTEST.java:34)
at applicating.AppTEST.teardown(AppTEST.java:34)
at applicating.AppTEST.teardown(AppTEST.java:34)
at applicating.AppTEST.teardown(AppTEST.java:34)
at applicating.AppTEST.teardown(AppTEST.java:34)
at applicating.AppTEST.teardown(AppTEST.java:34)
at applicating.AppTEST.teardown(AppTEST.java:34)
at applicating.AppTEST.teardown(AppTEST.java:34)
at applicating.AppTEST.teardown(AppTEST.java:34)
at applicating.AppTEST.teardown(AppTEST.java:34)
at applicating.AppTEST.teardown(AppTEST.java:34)
at applicating.AppTEST.teardown(AppTEST.java:34)
at applicating.AppTEST.teardown(AppTEST.java:34)
at applicating.AppTEST.teardown(AppTEST.java:34)
at applicating.AppTEST.teardown(AppTEST.java:34)
at applicating.AppTEST.teardown(AppTEST.java:34)
at applicating.AppTEST.teardown(AppTEST.java:34)
at applicating.AppTEST.teardown(AppTEST.java:34)
at applicating.AppTEST.teardown(AppTEST.java:34)
at applicating.AppTEST.teardown(AppTEST.java:34)
at applicating.AppTEST.teardown(AppTEST.java:34)
at applicating.AppTEST.teardown(AppTEST.java:34)
at applicating.AppTEST.teardown(AppTEST.java:34)
at applicating.AppTEST.teardown(AppTEST.java:34)
at applicating.AppTEST.teardown(AppTEST.java:34)
at applicating.AppTEST.teardown(AppTEST.java:34)
at applicating.AppTEST.teardown(AppTEST.java:34)
at applicating.AppTEST.teardown(AppTEST.java:34)
at applicating.AppTEST.teardown(AppTEST.java:34)
at applicating.AppTEST.teardown(AppTEST.java:34)
at applicating.AppTEST.teardown(AppTEST.java:34)
at applicating.AppTEST.teardown(AppTEST.java:34)
at applicating.AppTEST.teardown(AppTEST.java:34)
at applicating.AppTEST.teardown(AppTEST.java:34)
at applicating.AppTEST.teardown(AppTEST.java:34)
at applicating.AppTEST.teardown(AppTEST.java:34)
at applicating.AppTEST.teardown(AppTEST.java:34)
at applicating.AppTEST.teardown(AppTEST.java:34)
at applicating.AppTEST.teardown(AppTEST.java:34)
at applicating.AppTEST.teardown(AppTEST.java:34)
at applicating.AppTEST.teardown(AppTEST.java:34)
at applicating.AppTEST.teardown(AppTEST.java:34)
at applicating.AppTEST.teardown(AppTEST.java:34)
at applicating.AppTEST.teardown(AppTEST.java:34)
at applicating.AppTEST.teardown(AppTEST.java:34)
at applicating.AppTEST.teardown(AppTEST.java:34)
at applicating.AppTEST.teardown(AppTEST.java:34)
at applicating.AppTEST.teardown(AppTEST.java:34)
at applicating.AppTEST.teardown(AppTEST.java:34)
at applicating.AppTEST.teardown(AppTEST.java:34)
at applicating.AppTEST.teardown(AppTEST.java:34)
at applicating.AppTEST.teardown(AppTEST.java:34)
at applicating.AppTEST.teardown(AppTEST.java:34)
at applicating.AppTEST.teardown(AppTEST.java:34)
at applicating.AppTEST.teardown(AppTEST.java:34)
at applicating.AppTEST.teardown(AppTEST.java:34)
at applicating.AppTEST.teardown(AppTEST.java:34)
at applicating.AppTEST.teardown(AppTEST.java:34)
at applicating.AppTEST.teardown(AppTEST.java:34)
at applicating.AppTEST.teardown(AppTEST.java:34)
at applicating.AppTEST.teardown(AppTEST.java:34)
at applicating.AppTEST.teardown(AppTEST.java:34)
at applicating.AppTEST.teardown(AppTEST.java:34)
at applicating.AppTEST.teardown(AppTEST.java:34)
at applicating.AppTEST.teardown(AppTEST.java:34)
at applicating.AppTEST.teardown(AppTEST.java:34)
at applicating.AppTEST.teardown(AppTEST.java:34)
at applicating.AppTEST.teardown(AppTEST.java:34)
at applicating.AppTEST.teardown(AppTEST.java:34)
at applicating.AppTEST.teardown(AppTEST.java:34)
at applicating.AppTEST.teardown(AppTEST.java:34)
at applicating.AppTEST.teardown(AppTEST.java:34)
at applicating.AppTEST.teardown(AppTEST.java:34)
at applicating.AppTEST.teardown(AppTEST.java:34)
at applicating.AppTEST.teardown(AppTEST.java:34)
at applicating.AppTEST.teardown(AppTEST.java:34)
at applicating.AppTEST.teardown(AppTEST.java:34)
at applicating.AppTEST.teardown(AppTEST.java:34)
at applicating.AppTEST.teardown(AppTEST.java:34)
at applicating.AppTEST.teardown(AppTEST.java:34)
at applicating.AppTEST.teardown(AppTEST.java:34)
at applicating.AppTEST.teardown(AppTEST.java:34)
at applicating.AppTEST.teardown(AppTEST.java:34)
at applicating.AppTEST.teardown(AppTEST.java:34)
at applicating.AppTEST.teardown(AppTEST.java:34)
at applicating.AppTEST.teardown(AppTEST.java:34)
at applicating.AppTEST.teardown(AppTEST.java:34)
at applicating.AppTEST.teardown(AppTEST.java:34)
at applicating.AppTEST.teardown(AppTEST.java:34)
at applicating.AppTEST.teardown(AppTEST.java:34)
at applicating.AppTEST.teardown(AppTEST.java:34)
at applicating.AppTEST.teardown(AppTEST.java:34)
at applicating.AppTEST.teardown(AppTEST.java:34)
at applicating.AppTEST.teardown(AppTEST.java:34)
at applicating.AppTEST.teardown(AppTEST.java:34)
at applicating.AppTEST.teardown(AppTEST.java:34)
at applicating.AppTEST.teardown(AppTEST.java:34)
at applicating.AppTEST.teardown(AppTEST.java:34)
at applicating.AppTEST.teardown(AppTEST.java:34)
at applicating.AppTEST.teardown(AppTEST.java:34)
at applicating.AppTEST.teardown(AppTEST.java:34)
at applicating.AppTEST.teardown(AppTEST.java:34)
at applicating.AppTEST.teardown(AppTEST.java:34)
at applicating.AppTEST.teardown(AppTEST.java:34)
at applicating.AppTEST.teardown(AppTEST.java:34)
at applicating.AppTEST.teardown(AppTEST.java:34)
at applicating.AppTEST.teardown(AppTEST.java:34)
at applicating.AppTEST.teardown(AppTEST.java:34)
at applicating.AppTEST.teardown(AppTEST.java:34)
at applicating.AppTEST.teardown(AppTEST.java:34)
at applicating.AppTEST.teardown(AppTEST.java:34)
at applicating.AppTEST.teardown(AppTEST.java:34)
at applicating.AppTEST.teardown(AppTEST.java:34)
at applicating.AppTEST.teardown(AppTEST.java:34)
at applicating.AppTEST.teardown(AppTEST.java:34)
at applicating.AppTEST.teardown(AppTEST.java:34)
at applicating.AppTEST.teardown(AppTEST.java:34)
at applicating.AppTEST.teardown(AppTEST.java:34)
at applicating.AppTEST.teardown(AppTEST.java:34)
at applicating.AppTEST.teardown(AppTEST.java:34)
at applicating.AppTEST.teardown(AppTEST.java:34)
at applicating.AppTEST.teardown(AppTEST.java:34)
at applicating.AppTEST.teardown(AppTEST.java:34)
at applicating.AppTEST.teardown(AppTEST.java:34)
at applicating.AppTEST.teardown(AppTEST.java:34)
at applicating.AppTEST.teardown(AppTEST.java:34)
at applicating.AppTEST.teardown(AppTEST.java:34)
at applicating.AppTEST.teardown(AppTEST.java:34)
at applicating.AppTEST.teardown(AppTEST.java:34)
at applicating.AppTEST.teardown(AppTEST.java:34)
at applicating.AppTEST.teardown(AppTEST.java:34)
at applicating.AppTEST.teardown(AppTEST.java:34)
at applicating.AppTEST.teardown(AppTEST.java:34)
at applicating.AppTEST.teardown(AppTEST.java:34)
at applicating.AppTEST.teardown(AppTEST.java:34)
at applicating.AppTEST.teardown(AppTEST.java:34)
at applicating.AppTEST.teardown(AppTEST.java:34)
at applicating.AppTEST.teardown(AppTEST.java:34)
at applicating.AppTEST.teardown(AppTEST.java:34)
at applicating.AppTEST.teardown(AppTEST.java:34)
at applicating.AppTEST.teardown(AppTEST.java:34)
at applicating.AppTEST.teardown(AppTEST.java:34)
at applicating.AppTEST.teardown(AppTEST.java:34)
at applicating.AppTEST.teardown(AppTEST.java:34)
at applicating.AppTEST.teardown(AppTEST.java:34)
at applicating.AppTEST.teardown(AppTEST.java:34)
at applicating.AppTEST.teardown(AppTEST.java:34)
at applicating.AppTEST.teardown(AppTEST.java:34)
at applicating.AppTEST.teardown(AppTEST.java:34)
at applicating.AppTEST.teardown(AppTEST.java:34)
at applicating.AppTEST.teardown(AppTEST.java:34)
at applicating.AppTEST.teardown(AppTEST.java:34)
at applicating.AppTEST.teardown(AppTEST.java:34)
at applicating.AppTEST.teardown(AppTEST.java:34)
at applicating.AppTEST.teardown(AppTEST.java:34)
at applicating.AppTEST.teardown(AppTEST.java:34)
at applicating.AppTEST.teardown(AppTEST.java:34)
at applicating.AppTEST.teardown(AppTEST.java:34)
at applicating.AppTEST.teardown(AppTEST.java:34)
at applicating.AppTEST.teardown(AppTEST.java:34)
at applicating.AppTEST.teardown(AppTEST.java:34)
at applicating.AppTEST.teardown(AppTEST.java:34)
at applicating.AppTEST.teardown(AppTEST.java:34)
at applicating.AppTEST.teardown(AppTEST.java:34)
at applicating.AppTEST.teardown(AppTEST.java:34)
at applicating.AppTEST.teardown(AppTEST.java:34)
at applicating.AppTEST.teardown(AppTEST.java:34)
at applicating.AppTEST.teardown(AppTEST.java:34)
at applicating.AppTEST.teardown(AppTEST.java:34)
at applicating.AppTEST.teardown(AppTEST.java:34)
at applicating.AppTEST.teardown(AppTEST.java:34)
at applicating.AppTEST.teardown(AppTEST.java:34)
at applicating.AppTEST.teardown(AppTEST.java:34)
at applicating.AppTEST.teardown(AppTEST.java:34)
at applicating.AppTEST.teardown(AppTEST.java:34)
at applicating.AppTEST.teardown(AppTEST.java:34)
at applicating.AppTEST.teardown(AppTEST.java:34)
at applicating.AppTEST.teardown(AppTEST.java:34)
at applicating.AppTEST.teardown(AppTEST.java:34)
at applicating.AppTEST.teardown(AppTEST.java:34)
at applicating.AppTEST.teardown(AppTEST.java:34)
at applicating.AppTEST.teardown(AppTEST.java:34)
at applicating.AppTEST.teardown(AppTEST.java:34)
at applicating.AppTEST.teardown(AppTEST.java:34)
at applicating.AppTEST.teardown(AppTEST.java:34)
at applicating.AppTEST.teardown(AppTEST.java:34)
at applicating.AppTEST.teardown(AppTEST.java:34)
at applicating.AppTEST.teardown(AppTEST.java:34)
at applicating.AppTEST.teardown(AppTEST.java:34)
at applicating.AppTEST.teardown(AppTEST.java:34)
at applicating.AppTEST.teardown(AppTEST.java:34)
at applicating.AppTEST.teardown(AppTEST.java:34)
at applicating.AppTEST.teardown(AppTEST.java:34)
at applicating.AppTEST.teardown(AppTEST.java:34)
at applicating.AppTEST.teardown(AppTEST.java:34)
at applicating.AppTEST.teardown(AppTEST.java:34)
at applicating.AppTEST.teardown(AppTEST.java:34)
at applicating.AppTEST.teardown(AppTEST.java:34)
at applicating.AppTEST.teardown(AppTEST.java:34)
at applicating.AppTEST.teardown(AppTEST.java:34)
at applicating.AppTEST.teardown(AppTEST.java:34)
at applicating.AppTEST.teardown(AppTEST.java:34)
at applicating.AppTEST.teardown(AppTEST.java:34)
at applicating.AppTEST.teardown(AppTEST.java:34)
at applicating.AppTEST.teardown(AppTEST.java:34)
at applicating.AppTEST.teardown(AppTEST.java:34)
at applicating.AppTEST.teardown(AppTEST.java:34)
at applicating.AppTEST.teardown(AppTEST.java:34)
at applicating.AppTEST.teardown(AppTEST.java:34)
at applicating.AppTEST.teardown(AppTEST.java:34)
at applicating.AppTEST.teardown(AppTEST.java:34)
at applicating.AppTEST.teardown(AppTEST.java:34)
at applicating.AppTEST.teardown(AppTEST.java:34)
at applicating.AppTEST.teardown(AppTEST.java:34)
at applicating.AppTEST.teardown(AppTEST.java:34)
at applicating.AppTEST.teardown(AppTEST.java:34)
at applicating.AppTEST.teardown(AppTEST.java:34)
at applicating.AppTEST.teardown(AppTEST.java:34)
at applicating.AppTEST.teardown(AppTEST.java:34)
at applicating.AppTEST.teardown(AppTEST.java:34)
at applicating.AppTEST.teardown(AppTEST.java:34)
at applicating.AppTEST.teardown(AppTEST.java:34)
at applicating.AppTEST.teardown(AppTEST.java:34)
at applicating.AppTEST.teardown(AppTEST.java:34)
at applicating.AppTEST.teardown(AppTEST.java:34)
at applicating.AppTEST.teardown(AppTEST.java:34)
at applicating.AppTEST.teardown(AppTEST.java:34)
at applicating.AppTEST.teardown(AppTEST.java:34)
at applicating.AppTEST.teardown(AppTEST.java:34)
at applicating.AppTEST.teardown(AppTEST.java:34)
at applicating.AppTEST.teardown(AppTEST.java:34)
at applicating.AppTEST.teardown(AppTEST.java:34)
at applicating.AppTEST.teardown(AppTEST.java:34)
at applicating.AppTEST.teardown(AppTEST.java:34)
at applicating.AppTEST.teardown(AppTEST.java:34)
at applicating.AppTEST.teardown(AppTEST.java:34)
at applicating.AppTEST.teardown(AppTEST.java:34)
at applicating.AppTEST.teardown(AppTEST.java:34)
at applicating.AppTEST.teardown(AppTEST.java:34)
at applicating.AppTEST.teardown(AppTEST.java:34)
at applicating.AppTEST.teardown(AppTEST.java:34)
at applicating.AppTEST.teardown(AppTEST.java:34)
at applicating.AppTEST.teardown(AppTEST.java:34)
at applicating.AppTEST.teardown(AppTEST.java:34)
at applicating.AppTEST.teardown(AppTEST.java:34)
at applicating.AppTEST.teardown(AppTEST.java:34)
at applicating.AppTEST.teardown(AppTEST.java:34)
at applicating.AppTEST.teardown(AppTEST.java:34)
at applicating.AppTEST.teardown(AppTEST.java:34)
at applicating.AppTEST.teardown(AppTEST.java:34)
at applicating.AppTEST.teardown(AppTEST.java:34)
at applicating.AppTEST.teardown(AppTEST.java:34)
at applicating.AppTEST.teardown(AppTEST.java:34)
at applicating.AppTEST.teardown(AppTEST.java:34)
at applicating.AppTEST.teardown(AppTEST.java:34)
at applicating.AppTEST.teardown(AppTEST.java:34)
at applicating.AppTEST.teardown(AppTEST.java:34)
at applicating.AppTEST.teardown(AppTEST.java:34)
at applicating.AppTEST.teardown(AppTEST.java:34)
at applicating.AppTEST.teardown(AppTEST.java:34)
at applicating.AppTEST.teardown(AppTEST.java:34)
at applicating.AppTEST.teardown(AppTEST.java:34)
at applicating.AppTEST.teardown(AppTEST.java:34)
at applicating.AppTEST.teardown(AppTEST.java:34)
at applicating.AppTEST.teardown(AppTEST.java:34)
at applicating.AppTEST.teardown(AppTEST.java:34)
at applicating.AppTEST.teardown(AppTEST.java:34)
at applicating.AppTEST.teardown(AppTEST.java:34)
at applicating.AppTEST.teardown(AppTEST.java:34)
at applicating.AppTEST.teardown(AppTEST.java:34)
at applicating.AppTEST.teardown(AppTEST.java:34)
at applicating.AppTEST.teardown(AppTEST.java:34)
at applicating.AppTEST.teardown(AppTEST.java:34)
at applicating.AppTEST.teardown(AppTEST.java:34)
at applicating.AppTEST.teardown(AppTEST.java:34)
at applicating.AppTEST.teardown(AppTEST.java:34)
at applicating.AppTEST.teardown(AppTEST.java:34)
at applicating.AppTEST.teardown(AppTEST.java:34)
at applicating.AppTEST.teardown(AppTEST.java:34)
at applicating.AppTEST.teardown(AppTEST.java:34)
at applicating.AppTEST.teardown(AppTEST.java:34)
at applicating.AppTEST.teardown(AppTEST.java:34)
at applicating.AppTEST.teardown(AppTEST.java:34)
at applicating.AppTEST.teardown(AppTEST.java:34)
at applicating.AppTEST.teardown(AppTEST.java:34)
at applicating.AppTEST.teardown(AppTEST.java:34)
at applicating.AppTEST.teardown(AppTEST.java:34)
at applicating.AppTEST.teardown(AppTEST.java:34)
at applicating.AppTEST.teardown(AppTEST.java:34)
at applicating.AppTEST.teardown(AppTEST.java:34)
at applicating.AppTEST.teardown(AppTEST.java:34)
at applicating.AppTEST.teardown(AppTEST.java:34)
at applicating.AppTEST.teardown(AppTEST.java:34)
at applicating.AppTEST.teardown(AppTEST.java:34)
at applicating.AppTEST.teardown(AppTEST.java:34)
at applicating.AppTEST.teardown(AppTEST.java:34)
at applicating.AppTEST.teardown(AppTEST.java:34)
at applicating.AppTEST.teardown(AppTEST.java:34)
at applicating.AppTEST.teardown(AppTEST.java:34)
at applicating.AppTEST.teardown(AppTEST.java:34)
at applicating.AppTEST.teardown(AppTEST.java:34)
at applicating.AppTEST.teardown(AppTEST.java:34)
at applicating.AppTEST.teardown(AppTEST.java:34)
at applicating.AppTEST.teardown(AppTEST.java:34)
at applicating.AppTEST.teardown(AppTEST.java:34)
at applicating.AppTEST.teardown(AppTEST.java:34)
at applicating.AppTEST.teardown(AppTEST.java:34)
at applicating.AppTEST.teardown(AppTEST.java:34)
at applicating.AppTEST.teardown(AppTEST.java:34)
at applicating.AppTEST.teardown(AppTEST.java:34)
at applicating.AppTEST.teardown(AppTEST.java:34)
at applicating.AppTEST.teardown(AppTEST.java:34)
at applicating.AppTEST.teardown(AppTEST.java:34)
at applicating.AppTEST.teardown(AppTEST.java:34)
at applicating.AppTEST.teardown(AppTEST.java:34)
at applicating.AppTEST.teardown(AppTEST.java:34)
at applicating.AppTEST.teardown(AppTEST.java:34)
at applicating.AppTEST.teardown(AppTEST.java:34)
at applicating.AppTEST.teardown(AppTEST.java:34)
at applicating.AppTEST.teardown(AppTEST.java:34)
at applicating.AppTEST.teardown(AppTEST.java:34)
at applicating.AppTEST.teardown(AppTEST.java:34)
at applicating.AppTEST.teardown(AppTEST.java:34)
at applicating.AppTEST.teardown(AppTEST.java:34)
at applicating.AppTEST.teardown(AppTEST.java:34)
at applicating.AppTEST.teardown(AppTEST.java:34)
at applicating.AppTEST.teardown(AppTEST.java:34)
at applicating.AppTEST.teardown(AppTEST.java:34)
at applicating.AppTEST.teardown(AppTEST.java:34)
at applicating.AppTEST.teardown(AppTEST.java:34)
at applicating.AppTEST.teardown(AppTEST.java:34)
at applicating.AppTEST.teardown(AppTEST.java:34)
at applicating.AppTEST.teardown(AppTEST.java:34)
at applicating.AppTEST.teardown(AppTEST.java:34)
at applicating.AppTEST.teardown(AppTEST.java:34)
at applicating.AppTEST.teardown(AppTEST.java:34)
at applicating.AppTEST.teardown(AppTEST.java:34)
at applicating.AppTEST.teardown(AppTEST.java:34)
at applicating.AppTEST.teardown(AppTEST.java:34)
at applicating.AppTEST.teardown(AppTEST.java:34)
at applicating.AppTEST.teardown(AppTEST.java:34)
at applicating.AppTEST.teardown(AppTEST.java:34)
at applicating.AppTEST.teardown(AppTEST.java:34)
at applicating.AppTEST.teardown(AppTEST.java:34)
at applicating.AppTEST.teardown(AppTEST.java:34)
at applicating.AppTEST.teardown(AppTEST.java:34)
at applicating.AppTEST.teardown(AppTEST.java:34)
at applicating.AppTEST.teardown(AppTEST.java:34)
at applicating.AppTEST.teardown(AppTEST.java:34)
at applicating.AppTEST.teardown(AppTEST.java:34)
at applicating.AppTEST.teardown(AppTEST.java:34)
at applicating.AppTEST.teardown(AppTEST.java:34)
at applicating.AppTEST.teardown(AppTEST.java:34)
at applicating.AppTEST.teardown(AppTEST.java:34)
at applicating.AppTEST.teardown(AppTEST.java:34)
at applicating.AppTEST.teardown(AppTEST.java:34)
at applicating.AppTEST.teardown(AppTEST.java:34)
at applicating.AppTEST.teardown(AppTEST.java:34)
at applicating.AppTEST.teardown(AppTEST.java:34)
at applicating.AppTEST.teardown(AppTEST.java:34)
at applicating.AppTEST.teardown(AppTEST.java:34)
at applicating.AppTEST.teardown(AppTEST.java:34)
at applicating.AppTEST.teardown(AppTEST.java:34)
at applicating.AppTEST.teardown(AppTEST.java:34)
at applicating.AppTEST.teardown(AppTEST.java:34)
at applicating.AppTEST.teardown(AppTEST.java:34)
at applicating.AppTEST.teardown(AppTEST.java:34)
at applicating.AppTEST.teardown(AppTEST.java:34)
at applicating.AppTEST.teardown(AppTEST.java:34)
at applicating.AppTEST.teardown(AppTEST.java:34)
at applicating.AppTEST.teardown(AppTEST.java:34)
at applicating.AppTEST.teardown(AppTEST.java:34)
at applicating.AppTEST.teardown(AppTEST.java:34)
at applicating.AppTEST.teardown(AppTEST.java:34)
at applicating.AppTEST.teardown(AppTEST.java:34)
at applicating.AppTEST.teardown(AppTEST.java:34)
at applicating.AppTEST.teardown(AppTEST.java:34)
at applicating.AppTEST.teardown(AppTEST.java:34)
at applicating.AppTEST.teardown(AppTEST.java:34)
at applicating.AppTEST.teardown(AppTEST.java:34)
at applicating.AppTEST.teardown(AppTEST.java:34)
at applicating.AppTEST.teardown(AppTEST.java:34)
at applicating.AppTEST.teardown(AppTEST.java:34)
at applicating.AppTEST.teardown(AppTEST.java:34)
at applicating.AppTEST.teardown(AppTEST.java:34)
at applicating.AppTEST.teardown(AppTEST.java:34)
at applicating.AppTEST.teardown(AppTEST.java:34)
at applicating.AppTEST.teardown(AppTEST.java:34)
at applicating.AppTEST.teardown(AppTEST.java:34)
at applicating.AppTEST.teardown(AppTEST.java:34)
at applicating.AppTEST.teardown(AppTEST.java:34)
at applicating.AppTEST.teardown(AppTEST.java:34)
at applicating.AppTEST.teardown(AppTEST.java:34)
at applicating.AppTEST.teardown(AppTEST.java:34)
at applicating.AppTEST.teardown(AppTEST.java:34)
at applicating.AppTEST.teardown(AppTEST.java:34)
at applicating.AppTEST.teardown(AppTEST.java:34)
at applicating.AppTEST.teardown(AppTEST.java:34)
at applicating.AppTEST.teardown(AppTEST.java:34)
at applicating.AppTEST.teardown(AppTEST.java:34)
at applicating.AppTEST.teardown(AppTEST.java:34)
at applicating.AppTEST.teardown(AppTEST.java:34)
at applicating.AppTEST.teardown(AppTEST.java:34)
at applicating.AppTEST.teardown(AppTEST.java:34)
at applicating.AppTEST.teardown(AppTEST.java:34)
at applicating.AppTEST.teardown(AppTEST.java:34)
at applicating.AppTEST.teardown(AppTEST.java:34)
at applicating.AppTEST.teardown(AppTEST.java:34)
at applicating.AppTEST.teardown(AppTEST.java:34)
at applicating.AppTEST.teardown(AppTEST.java:34)
at applicating.AppTEST.teardown(AppTEST.java:34)
at applicating.AppTEST.teardown(AppTEST.java:34)
at applicating.AppTEST.teardown(AppTEST.java:34)
at applicating.AppTEST.teardown(AppTEST.java:34)
at applicating.AppTEST.teardown(AppTEST.java:34)
at applicating.AppTEST.teardown(AppTEST.java:34)
at applicating.AppTEST.teardown(AppTEST.java:34)
at applicating.AppTEST.teardown(AppTEST.java:34)
at applicating.AppTEST.teardown(AppTEST.java:34)
at applicating.AppTEST.teardown(AppTEST.java:34)
at applicating.AppTEST.teardown(AppTEST.java:34)
at applicating.AppTEST.teardown(AppTEST.java:34)
at applicating.AppTEST.teardown(AppTEST.java:34)
at applicating.AppTEST.teardown(AppTEST.java:34)
at applicating.AppTEST.teardown(AppTEST.java:34)
at applicating.AppTEST.teardown(AppTEST.java:34)
at applicating.AppTEST.teardown(AppTEST.java:34)
at applicating.AppTEST.teardown(AppTEST.java:34)
at applicating.AppTEST.teardown(AppTEST.java:34)
at applicating.AppTEST.teardown(AppTEST.java:34)
at applicating.AppTEST.teardown(AppTEST.java:34)
at applicating.AppTEST.teardown(AppTEST.java:34)
at applicating.AppTEST.teardown(AppTEST.java:34)
at applicating.AppTEST.teardown(AppTEST.java:34)
at applicating.AppTEST.teardown(AppTEST.java:34)
at applicating.AppTEST.teardown(AppTEST.java:34)
at applicating.AppTEST.teardown(AppTEST.java:34)
at applicating.AppTEST.teardown(AppTEST.java:34)
at applicating.AppTEST.teardown(AppTEST.java:34)
at applicating.AppTEST.teardown(AppTEST.java:34)
at applicating.AppTEST.teardown(AppTEST.java:34)
at applicating.AppTEST.teardown(AppTEST.java:34)
at applicating.AppTEST.teardown(AppTEST.java:34)
at applicating.AppTEST.teardown(AppTEST.java:34)
at applicating.AppTEST.teardown(AppTEST.java:34)
at applicating.AppTEST.teardown(AppTEST.java:34)
at applicating.AppTEST.teardown(AppTEST.java:34)
at applicating.AppTEST.teardown(AppTEST.java:34)
at applicating.AppTEST.teardown(AppTEST.java:34)
at applicating.AppTEST.teardown(AppTEST.java:34)
at applicating.AppTEST.teardown(AppTEST.java:34)
at applicating.AppTEST.teardown(AppTEST.java:34)
at applicating.AppTEST.teardown(AppTEST.java:34)
at applicating.AppTEST.teardown(AppTEST.java:34)
at applicating.AppTEST.teardown(AppTEST.java:34)
at applicating.AppTEST.teardown(AppTEST.java:34)
at applicating.AppTEST.teardown(AppTEST.java:34)
at applicating.AppTEST.teardown(AppTEST.java:34)
at applicating.AppTEST.teardown(AppTEST.java:34)
at applicating.AppTEST.teardown(AppTEST.java:34)
at applicating.AppTEST.teardown(AppTEST.java:34)
at applicating.AppTEST.teardown(AppTEST.java:34)
at applicating.AppTEST.teardown(AppTEST.java:34)
at applicating.AppTEST.teardown(AppTEST.java:34)
at applicating.AppTEST.teardown(AppTEST.java:34)
at applicating.AppTEST.teardown(AppTEST.java:34)
at applicating.AppTEST.teardown(AppTEST.java:34)
at applicating.AppTEST.teardown(AppTEST.java:34)
at applicating.AppTEST.teardown(AppTEST.java:34)
at applicating.AppTEST.teardown(AppTEST.java:34)
at applicating.AppTEST.teardown(AppTEST.java:34)
at applicating.AppTEST.teardown(AppTEST.java:34)
at applicating.AppTEST.teardown(AppTEST.java:34)
at applicating.AppTEST.teardown(AppTEST.java:34)
at applicating.AppTEST.teardown(AppTEST.java:34)
at applicating.AppTEST.teardown(AppTEST.java:34)
at applicating.AppTEST.teardown(AppTEST.java:34)
at applicating.AppTEST.teardown(AppTEST.java:34)
at applicating.AppTEST.teardown(AppTEST.java:34)
at applicating.AppTEST.teardown(AppTEST.java:34)
at applicating.AppTEST.teardown(AppTEST.java:34)
at applicating.AppTEST.teardown(AppTEST.java:34)
at applicating.AppTEST.teardown(AppTEST.java:34)
at applicating.AppTEST.teardown(AppTEST.java:34)
at applicating.AppTEST.teardown(AppTEST.java:34)
at applicating.AppTEST.teardown(AppTEST.java:34)
at applicating.AppTEST.teardown(AppTEST.java:34)
at applicating.AppTEST.teardown(AppTEST.java:34)
at applicating.AppTEST.teardown(AppTEST.java:34)
at applicating.AppTEST.teardown(AppTEST.java:34)
at applicating.AppTEST.teardown(AppTEST.java:34)
at applicating.AppTEST.teardown(AppTEST.java:34)
at applicating.AppTEST.teardown(AppTEST.java:34)
at applicating.AppTEST.teardown(AppTEST.java:34)
at applicating.AppTEST.teardown(AppTEST.java:34)
at applicating.AppTEST.teardown(AppTEST.java:34)
at applicating.AppTEST.teardown(AppTEST.java:34)
at applicating.AppTEST.teardown(AppTEST.java:34)
at applicating.AppTEST.teardown(AppTEST.java:34)
at applicating.AppTEST.teardown(AppTEST.java:34)
at applicating.AppTEST.teardown(AppTEST.java:34)
at applicating.AppTEST.teardown(AppTEST.java:34)
at applicating.AppTEST.teardown(AppTEST.java:34)
at applicating.AppTEST.teardown(AppTEST.java:34)
at applicating.AppTEST.teardown(AppTEST.java:34)
at applicating.AppTEST.teardown(AppTEST.java:34)
at applicating.AppTEST.teardown(AppTEST.java:34)
at applicating.AppTEST.teardown(AppTEST.java:34)
at applicating.AppTEST.teardown(AppTEST.java:34)
at applicating.AppTEST.teardown(AppTEST.java:34)
at applicating.AppTEST.teardown(AppTEST.java:34)
at applicating.AppTEST.teardown(AppTEST.java:34)
at applicating.AppTEST.teardown(AppTEST.java:34)
at applicating.AppTEST.teardown(AppTEST.java:34)
at applicating.AppTEST.teardown(AppTEST.java:34)
at applicating.AppTEST.teardown(AppTEST.java:34)
at applicating.AppTEST.teardown(AppTEST.java:34)
at applicating.AppTEST.teardown(AppTEST.java:34)
at applicating.AppTEST.teardown(AppTEST.java:34)
at applicating.AppTEST.teardown(AppTEST.java:34)
at applicating.AppTEST.teardown(AppTEST.java:34)
at applicating.AppTEST.teardown(AppTEST.java:34)
at applicating.AppTEST.teardown(AppTEST.java:34)
at applicating.AppTEST.teardown(AppTEST.java:34)
at applicating.AppTEST.teardown(AppTEST.java:34)
at applicating.AppTEST.teardown(AppTEST.java:34)
at applicating.AppTEST.teardown(AppTEST.java:34)
at applicating.AppTEST.teardown(AppTEST.java:34)
at applicating.AppTEST.teardown(AppTEST.java:34)
at applicating.AppTEST.teardown(AppTEST.java:34)
at applicating.AppTEST.teardown(AppTEST.java:34)
at applicating.AppTEST.teardown(AppTEST.java:34)
at applicating.AppTEST.teardown(AppTEST.java:34)
at applicating.AppTEST.teardown(AppTEST.java:34)
at applicating.AppTEST.teardown(AppTEST.java:34)
at applicating.AppTEST.teardown(AppTEST.java:34)
at applicating.AppTEST.teardown(AppTEST.java:34)
at applicating.AppTEST.teardown(AppTEST.java:34)
at applicating.AppTEST.teardown(AppTEST.java:34)
at applicating.AppTEST.teardown(AppTEST.java:34)
at applicating.AppTEST.teardown(AppTEST.java:34)
at applicating.AppTEST.teardown(AppTEST.java:34)
at applicating.AppTEST.teardown(AppTEST.java:34)
at applicating.AppTEST.teardown(AppTEST.java:34)
at applicating.AppTEST.teardown(AppTEST.java:34)
at applicating.AppTEST.teardown(AppTEST.java:34)
at applicating.AppTEST.teardown(AppTEST.java:34)
at applicating.AppTEST.teardown(AppTEST.java:34)
at applicating.AppTEST.teardown(AppTEST.java:34)
at applicating.AppTEST.teardown(AppTEST.java:34)
at applicating.AppTEST.teardown(AppTEST.java:34)
at applicating.AppTEST.teardown(AppTEST.java:34)
at applicating.AppTEST.teardown(AppTEST.java:34)
at applicating.AppTEST.teardown(AppTEST.java:34)
at applicating.AppTEST.teardown(AppTEST.java:34)
at applicating.AppTEST.teardown(AppTEST.java:34)
at applicating.AppTEST.teardown(AppTEST.java:34)
at applicating.AppTEST.teardown(AppTEST.java:34)
at applicating.AppTEST.teardown(AppTEST.java:34)
at applicating.AppTEST.teardown(AppTEST.java:34)
at applicating.AppTEST.teardown(AppTEST.java:34)
at applicating.AppTEST.teardown(AppTEST.java:34)
at applicating.AppTEST.teardown(AppTEST.java:34)
at applicating.AppTEST.teardown(AppTEST.java:34)
at applicating.AppTEST.teardown(AppTEST.java:34)
at applicating.AppTEST.teardown(AppTEST.java:34)
at applicating.AppTEST.teardown(AppTEST.java:34)
at applicating.AppTEST.teardown(AppTEST.java:34)
at applicating.AppTEST.teardown(AppTEST.java:34)
at applicating.AppTEST.teardown(AppTEST.java:34)
at applicating.AppTEST.teardown(AppTEST.java:34)
at applicating.AppTEST.teardown(AppTEST.java:34)
at applicating.AppTEST.teardown(AppTEST.java:34)
at applicating.AppTEST.teardown(AppTEST.java:34)
at applicating.AppTEST.teardown(AppTEST.java:34)
at applicating.AppTEST.teardown(AppTEST.java:34)
at applicating.AppTEST.teardown(AppTEST.java:34)
at applicating.AppTEST.teardown(AppTEST.java:34)
at applicating.AppTEST.teardown(AppTEST.java:34)
at applicating.AppTEST.teardown(AppTEST.java:34)
at applicating.AppTEST.teardown(AppTEST.java:34)
at applicating.AppTEST.teardown(AppTEST.java:34)
at applicating.AppTEST.teardown(AppTEST.java:34)
at applicating.AppTEST.teardown(AppTEST.java:34)
at applicating.AppTEST.teardown(AppTEST.java:34)
at applicating.AppTEST.teardown(AppTEST.java:34)
at applicating.AppTEST.teardown(AppTEST.java:34)
at applicating.AppTEST.teardown(AppTEST.java:34)
at applicating.AppTEST.teardown(AppTEST.java:34)
at applicating.AppTEST.teardown(AppTEST.java:34)
at applicating.AppTEST.teardown(AppTEST.java:34)
at applicating.AppTEST.teardown(AppTEST.java:34)
at applicating.AppTEST.teardown(AppTEST.java:34)
at applicating.AppTEST.teardown(AppTEST.java:34)
at applicating.AppTEST.teardown(AppTEST.java:34)
at applicating.AppTEST.teardown(AppTEST.java:34)
at applicating.AppTEST.teardown(AppTEST.java:34)
at applicating.AppTEST.teardown(AppTEST.java:34)
at applicating.AppTEST.teardown(AppTEST.java:34)
at applicating.AppTEST.teardown(AppTEST.java:34)
at applicating.AppTEST.teardown(AppTEST.java:34)
at applicating.AppTEST.teardown(AppTEST.java:34)
at applicating.AppTEST.teardown(AppTEST.java:34)
at applicating.AppTEST.teardown(AppTEST.java:34)
at applicating.AppTEST.teardown(AppTEST.java:34)
at applicating.AppTEST.teardown(AppTEST.java:34)
at applicating.AppTEST.teardown(AppTEST.java:34)
at applicating.AppTEST.teardown(AppTEST.java:34)
at applicating.AppTEST.teardown(AppTEST.java:34)
at applicating.AppTEST.teardown(AppTEST.java:34)
at applicating.AppTEST.teardown(AppTEST.java:34)
at applicating.AppTEST.teardown(AppTEST.java:34)
at applicating.AppTEST.teardown(AppTEST.java:34)
at applicating.AppTEST.teardown(AppTEST.java:34)
at applicating.AppTEST.teardown(AppTEST.java:34)
at applicating.AppTEST.teardown(AppTEST.java:34)
at applicating.AppTEST.teardown(AppTEST.java:34)
at applicating.AppTEST.teardown(AppTEST.java:34)
at applicating.AppTEST.teardown(AppTEST.java:34)
at applicating.AppTEST.teardown(AppTEST.java:34)
at applicating.AppTEST.teardown(AppTEST.java:34)
at applicating.AppTEST.teardown(AppTEST.java:34)
at applicating.AppTEST.teardown(AppTEST.java:34)
at applicating.AppTEST.teardown(AppTEST.java:34)
at applicating.AppTEST.teardown(AppTEST.java:34)
at applicating.AppTEST.teardown(AppTEST.java:34)
at applicating.AppTEST.teardown(AppTEST.java:34)
at applicating.AppTEST.teardown(AppTEST.java:34)
at applicating.AppTEST.teardown(AppTEST.java:34)
at applicating.AppTEST.teardown(AppTEST.java:34)
at applicating.AppTEST.teardown(AppTEST.java:34)
at applicating.AppTEST.teardown(AppTEST.java:34)
at applicating.AppTEST.teardown(AppTEST.java:34)
at applicating.AppTEST.teardown(AppTEST.java:34)
at applicating.AppTEST.teardown(AppTEST.java:34)
at applicating.AppTEST.teardown(AppTEST.java:34)
at applicating.AppTEST.teardown(AppTEST.java:34)
at applicating.AppTEST.teardown(AppTEST.java:34)
at applicating.AppTEST.teardown(AppTEST.java:34)
at applicating.AppTEST.teardown(AppTEST.java:34)
at applicating.AppTEST.teardown(AppTEST.java:34)
at applicating.AppTEST.teardown(AppTEST.java:34)
at applicating.AppTEST.teardown(AppTEST.java:34)
at applicating.AppTEST.teardown(AppTEST.java:34)
at applicating.AppTEST.teardown(AppTEST.java:34)
at applicating.AppTEST.teardown(AppTEST.java:34)
at applicating.AppTEST.teardown(AppTEST.java:34)
at applicating.AppTEST.teardown(AppTEST.java:34)
at applicating.AppTEST.teardown(AppTEST.java:34)
at applicating.AppTEST.teardown(AppTEST.java:34)
at applicating.AppTEST.teardown(AppTEST.java:34)
at applicating.AppTEST.teardown(AppTEST.java:34)
at applicating.AppTEST.teardown(AppTEST.java:34)
at applicating.AppTEST.teardown(AppTEST.java:34)
at applicating.AppTEST.teardown(AppTEST.java:34)
at applicating.AppTEST.teardown(AppTEST.java:34)
at applicating.AppTEST.teardown(AppTEST.java:34)
at applicating.AppTEST.teardown(AppTEST.java:34)
at applicating.AppTEST.teardown(AppTEST.java:34)
at applicating.AppTEST.teardown(AppTEST.java:34)
at applicating.AppTEST.teardown(AppTEST.java:34)
at applicating.AppTEST.teardown(AppTEST.java:34)
at applicating.AppTEST.teardown(AppTEST.java:34)
at applicating.AppTEST.teardown(AppTEST.java:34)
at applicating.AppTEST.teardown(AppTEST.java:34)
at applicating.AppTEST.teardown(AppTEST.java:34)
at applicating.AppTEST.teardown(AppTEST.java:34)
at applicating.AppTEST.teardown(AppTEST.java:34)
at applicating.AppTEST.teardown(AppTEST.java:34)
at applicating.AppTEST.teardown(AppTEST.java:34)
at applicating.AppTEST.teardown(AppTEST.java:34)
at applicating.AppTEST.teardown(AppTEST.java:34)
at applicating.AppTEST.teardown(AppTEST.java:34)
at applicating.AppTEST.teardown(AppTEST.java:34)
at applicating.AppTEST.teardown(AppTEST.java:34)
at applicating.AppTEST.teardown(AppTEST.java:34)
at applicating.AppTEST.teardown(AppTEST.java:34)
at applicating.AppTEST.teardown(AppTEST.java:34)
at applicating.AppTEST.teardown(AppTEST.java:34)
at applicating.AppTEST.teardown(AppTEST.java:34)
at applicating.AppTEST.teardown(AppTEST.java:34)
at applicating.AppTEST.teardown(AppTEST.java:34)
at applicating.AppTEST.teardown(AppTEST.java:34)
at applicating.AppTEST.teardown(AppTEST.java:34)
at applicating.AppTEST.teardown(AppTEST.java:34)
at applicating.AppTEST.teardown(AppTEST.java:34)
at applicating.AppTEST.teardown(AppTEST.java:34)
at applicating.AppTEST.teardown(AppTEST.java:34)
at applicating.AppTEST.teardown(AppTEST.java:34)
at applicating.AppTEST.teardown(AppTEST.java:34)
at applicating.AppTEST.teardown(AppTEST.java:34)
at applicating.AppTEST.teardown(AppTEST.java:34)
at applicating.AppTEST.teardown(AppTEST.java:34)
at applicating.AppTEST.teardown(AppTEST.java:34)
at applicating.AppTEST.teardown(AppTEST.java:34)
at applicating.AppTEST.teardown(AppTEST.java:34)
at applicating.AppTEST.teardown(AppTEST.java:34)
at applicating.AppTEST.teardown(AppTEST.java:34)
at applicating.AppTEST.teardown(AppTEST.java:34)
at applicating.AppTEST.teardown(AppTEST.java:34)
at applicating.AppTEST.teardown(AppTEST.java:34)
at applicating.AppTEST.teardown(AppTEST.java:34)
at applicating.AppTEST.teardown(AppTEST.java:34)
at applicating.AppTEST.teardown(AppTEST.java:34)
at applicating.AppTEST.teardown(AppTEST.java:34)
at applicating.AppTEST.teardown(AppTEST.java:34)
at applicating.AppTEST.teardown(AppTEST.java:34)
at applicating.AppTEST.teardown(AppTEST.java:34)
at applicating.AppTEST.teardown(AppTEST.java:34)
at applicating.AppTEST.teardown(AppTEST.java:34)
at applicating.AppTEST.teardown(AppTEST.java:34)
at applicating.AppTEST.teardown(AppTEST.java:34)
at applicating.AppTEST.teardown(AppTEST.java:34)
at applicating.AppTEST.teardown(AppTEST.java:34)
at applicating.AppTEST.teardown(AppTEST.java:34)
at applicating.AppTEST.teardown(AppTEST.java:34)
at applicating.AppTEST.teardown(AppTEST.java:34)
at applicating.AppTEST.teardown(AppTEST.java:34)
at applicating.AppTEST.teardown(AppTEST.java:34)
at applicating.AppTEST.teardown(AppTEST.java:34)
at applicating.AppTEST.teardown(AppTEST.java:34)
at applicating.AppTEST.teardown(AppTEST.java:34)
at applicating.AppTEST.teardown(AppTEST.java:34)
at applicating.AppTEST.teardown(AppTEST.java:34)
at applicating.AppTEST.teardown(AppTEST.java:34)
at applicating.AppTEST.teardown(AppTEST.java:34)
at applicating.AppTEST.teardown(AppTEST.java:34)
at applicating.AppTEST.teardown(AppTEST.java:34)
at applicating.AppTEST.teardown(AppTEST.java:34)
at applicating.AppTEST.teardown(AppTEST.java:34)
at applicating.AppTEST.teardown(AppTEST.java:34)
at applicating.AppTEST.teardown(AppTEST.java:34)
at applicating.AppTEST.teardown(AppTEST.java:34)
at applicating.AppTEST.teardown(AppTEST.java:34)
at applicating.AppTEST.teardown(AppTEST.java:34)
at applicating.AppTEST.teardown(AppTEST.java:34)
at applicating.AppTEST.teardown(AppTEST.java:34)
at applicating.AppTEST.teardown(AppTEST.java:34)
at applicating.AppTEST.teardown(AppTEST.java:34)
at applicating.AppTEST.teardown(AppTEST.java:34)
at applicating.AppTEST.teardown(AppTEST.java:34)
at applicating.AppTEST.teardown(AppTEST.java:34)
at applicating.AppTEST.teardown(AppTEST.java:34)
at applicating.AppTEST.teardown(AppTEST.java:34)
at applicating.AppTEST.teardown(AppTEST.java:34)
at applicating.AppTEST.teardown(AppTEST.java:34)
at applicating.AppTEST.teardown(AppTEST.java:34)
at applicating.AppTEST.teardown(AppTEST.java:34)
at applicating.AppTEST.teardown(AppTEST.java:34)
at applicating.AppTEST.teardown(AppTEST.java:34)
at applicating.AppTEST.teardown(AppTEST.java:34)
at applicating.AppTEST.teardown(AppTEST.java:34)
at applicating.AppTEST.teardown(AppTEST.java:34)
at applicating.AppTEST.teardown(AppTEST.java:34)
at applicating.AppTEST.teardown(AppTEST.java:34)
at applicating.AppTEST.teardown(AppTEST.java:34)
at applicating.AppTEST.teardown(AppTEST.java:34)
at applicating.AppTEST.teardown(AppTEST.java:34)
at applicating.AppTEST.teardown(AppTEST.java:34)
at applicating.AppTEST.teardown(AppTEST.java:34)
at applicating.AppTEST.teardown(AppTEST.java:34)
at applicating.AppTEST.teardown(AppTEST.java:34)
at applicating.AppTEST.teardown(AppTEST.java:34)
at applicating.AppTEST.teardown(AppTEST.java:34)
at applicating.AppTEST.teardown(AppTEST.java:34)
at applicating.AppTEST.teardown(AppTEST.java:34)
at applicating.AppTEST.teardown(AppTEST.java:34)
at applicating.AppTEST.teardown(AppTEST.java:34)
at applicating.AppTEST.teardown(AppTEST.java:34)
at applicating.AppTEST.teardown(AppTEST.java:34)
at applicating.AppTEST.teardown(AppTEST.java:34)
at applicating.AppTEST.teardown(AppTEST.java:34)
at applicating.AppTEST.teardown(AppTEST.java:34)
at applicating.AppTEST.teardown(AppTEST.java:34)
at applicating.AppTEST.teardown(AppTEST.java:34)
at applicating.AppTEST.teardown(AppTEST.java:34)
at applicating.AppTEST.teardown(AppTEST.java:34)
at applicating.AppTEST.teardown(AppTEST.java:34)
at applicating.AppTEST.teardown(AppTEST.java:34)
at applicating.AppTEST.teardown(AppTEST.java:34)
at applicating.AppTEST.teardown(AppTEST.java:34)
at applicating.AppTEST.teardown(AppTEST.java:34)
at applicating.AppTEST.teardown(AppTEST.java:34)
at applicating.AppTEST.teardown(AppTEST.java:34)
at applicating.AppTEST.teardown(AppTEST.java:34)
at applicating.AppTEST.teardown(AppTEST.java:34)
at applicating.AppTEST.teardown(AppTEST.java:34)
at applicating.AppTEST.teardown(AppTEST.java:34)
at applicating.AppTEST.teardown(AppTEST.java:34)
at applicating.AppTEST.teardown(AppTEST.java:34)
at applicating.AppTEST.teardown(AppTEST.java:34)
at applicating.AppTEST.teardown(AppTEST.java:34)
at applicating.AppTEST.teardown(AppTEST.java:34)
at applicating.AppTEST.teardown(AppTEST.java:34)
at applicating.AppTEST.teardown(AppTEST.java:34)
at applicating.AppTEST.teardown(AppTEST.java:34)
at applicating.AppTEST.teardown(AppTEST.java:34)
at applicating.AppTEST.teardown(AppTEST.java:34)
at applicating.AppTEST.teardown(AppTEST.java:34)
at applicating.AppTEST.teardown(AppTEST.java:34)
at applicating.AppTEST.teardown(AppTEST.java:34)
at applicating.AppTEST.teardown(AppTEST.java:34)
at applicating.AppTEST.teardown(AppTEST.java:34)
at applicating.AppTEST.teardown(AppTEST.java:34)
at applicating.AppTEST.teardown(AppTEST.java:34)
at applicating.AppTEST.teardown(AppTEST.java:34)
at applicating.AppTEST.teardown(AppTEST.java:34)
at applicating.AppTEST.teardown(AppTEST.java:34)
at applicating.AppTEST.teardown(AppTEST.java:34)
at applicating.AppTEST.teardown(AppTEST.java:34)
at applicating.AppTEST.teardown(AppTEST.java:34)
at applicating.AppTEST.teardown(AppTEST.java:34)
at applicating.AppTEST.teardown(AppTEST.java:34)
at applicating.AppTEST.teardown(AppTEST.java:34)
at applicating.AppTEST.teardown(AppTEST.java:34)
at applicating.AppTEST.teardown(AppTEST.java:34)
]]>
    </error>
  </testcase> <!-- teardown -->
</testsuite> <!-- applicating.AppTEST -->
