<?xml version="1.0" encoding="UTF-8"?>
<!-- Generated by org.testng.reporters.JUnitReportReporter -->
<testsuite hostname="c1macadmins-MBP.fios-router.home" name="applicating.AppTEST" tests="1" failures="0" timestamp="19 Jun 2019 01:03:07 GMT" time="5.090" errors="0">
  <testcase name="hello" time="5.090" classname="applicating.AppTEST"/>
</testsuite> <!-- applicating.AppTEST -->
